<?xml version="1.0" encoding="UTF-8" ?>
<testsuite tests="36" failures="0" name="ObjectsTest" time="0.011" errors="0" skipped="0">
  <properties>
    <property name="java.runtime.name" value="Java(TM) SE Runtime Environment"/>
    <property name="java.vm.version" value="10.0.2+13"/>
    <property name="sun.boot.library.path" value="/Library/Java/JavaVirtualMachines/jdk-10.0.2.jdk/Contents/Home/lib"/>
    <property name="gopherProxySet" value="false"/>
    <property name="maven.multiModuleProjectDirectory" value="/Users/evanchoo/IdeaProjects/CalcTest"/>
    <property name="java.vm.vendor" value="&quot;Oracle Corporation&quot;"/>
    <property name="java.vendor.url" value="http://java.oracle.com/"/>
    <property name="guice.disable.misplaced.annotation.check" value="true"/>
    <property name="path.separator" value=":"/>
    <property name="java.vm.name" value="Java HotSpot(TM) 64-Bit Server VM"/>
    <property name="file.encoding.pkg" value="sun.io"/>
    <property name="sun.os.patch.level" value="unknown"/>
    <property name="user.script" value="Hans"/>
    <property name="user.country" value="CN"/>
    <property name="sun.java.launcher" value="SUN_STANDARD"/>
    <property name="java.vm.specification.name" value="Java Virtual Machine Specification"/>
    <property name="user.dir" value="/Users/evanchoo/IdeaProjects/CalcTest"/>
    <property name="java.vm.compressedOopsMode" value="Zero based"/>
    <property name="java.runtime.version" value="10.0.2+13"/>
    <property name="java.awt.graphicsenv" value="sun.awt.CGraphicsEnvironment"/>
    <property name="os.arch" value="x86_64"/>
    <property name="java.io.tmpdir" value="/var/folders/zk/dv5921693nj19sfrrccx58pr0000gn/T/"/>
    <property name="line.separator" value="
"/>
    <property name="java.vm.specification.vendor" value="Oracle Corporation"/>
    <property name="os.name" value="Mac OS X"/>
    <property name="classworlds.conf" value="/usr/local/Cellar/maven/3.6.1/libexec/bin/m2.conf"/>
    <property name="sun.jnu.encoding" value="UTF-8"/>
    <property name="java.library.path" value="/Users/evanchoo/Library/Java/Extensions:/Library/Java/Extensions:/Network/Library/Java/Extensions:/System/Library/Java/Extensions:/usr/lib/java:."/>
    <property name="maven.conf" value="/usr/local/Cellar/maven/3.6.1/libexec/conf"/>
    <property name="jdk.debug" value="release"/>
    <property name="java.class.version" value="54.0"/>
    <property name="java.specification.name" value="Java Platform API Specification"/>
    <property name="sun.management.compiler" value="HotSpot 64-Bit Tiered Compilers"/>
    <property name="os.version" value="10.14.1"/>
    <property name="library.jansi.path" value="/usr/local/Cellar/maven/3.6.1/libexec/lib/jansi-native"/>
    <property name="user.home" value="/Users/evanchoo"/>
    <property name="user.timezone" value="Asia/Shanghai"/>
    <property name="java.awt.printerjob" value="sun.lwawt.macosx.CPrinterJob"/>
    <property name="file.encoding" value="UTF-8"/>
    <property name="java.specification.version" value="10"/>
    <property name="user.name" value="evanchoo"/>
    <property name="java.class.path" value="/usr/local/Cellar/maven/3.6.1/libexec/boot/plexus-classworlds-2.6.0.jar"/>
    <property name="java.vm.specification.version" value="10"/>
    <property name="sun.arch.data.model" value="64"/>
    <property name="sun.java.command" value="org.codehaus.plexus.classworlds.launcher.Launcher test"/>
    <property name="java.home" value="/Library/Java/JavaVirtualMachines/jdk-10.0.2.jdk/Contents/Home"/>
    <property name="user.language" value="zh"/>
    <property name="java.specification.vendor" value="Oracle Corporation"/>
    <property name="awt.toolkit" value="sun.lwawt.macosx.LWCToolkit"/>
    <property name="java.vm.info" value="mixed mode"/>
    <property name="java.version" value="10.0.2"/>
    <property name="java.vendor" value="Oracle Corporation"/>
    <property name="maven.home" value="/usr/local/Cellar/maven/3.6.1/libexec"/>
    <property name="file.separator" value="/"/>
    <property name="java.version.date" value="2018-07-17"/>
    <property name="java.vendor.url.bug" value="http://bugreport.java.com/bugreport/"/>
    <property name="sun.io.unicode.encoding" value="UnicodeBig"/>
    <property name="sun.cpu.endian" value="little"/>
    <property name="java.vendor.version" value="18.3"/>
    <property name="sun.cpu.isalist" value=""/>
  </properties>
  <testcase classname="ObjectsTest" name="testObjects0" time="0.006"/>
  <testcase classname="ObjectsTest" name="testEquals0" time="0"/>
  <testcase classname="ObjectsTest" name="testEquals1" time="0"/>
  <testcase classname="ObjectsTest" name="testEquals3" time="0"/>
  <testcase classname="ObjectsTest" name="testEquals4" time="0.001"/>
  <testcase classname="ObjectsTest" name="testEquals5" time="0"/>
  <testcase classname="ObjectsTest" name="testEquals6" time="0"/>
  <testcase classname="ObjectsTest" name="testDeepEquals0" time="0"/>
  <testcase classname="ObjectsTest" name="testDeepEquals1" time="0"/>
  <testcase classname="ObjectsTest" name="testDeepEquals2" time="0"/>
  <testcase classname="ObjectsTest" name="testDeepEquals3" time="0"/>
  <testcase classname="ObjectsTest" name="testDeepEquals4" time="0"/>
  <testcase classname="ObjectsTest" name="testDeepEquals5" time="0"/>
  <testcase classname="ObjectsTest" name="testDeepEquals6" time="0.001"/>
  <testcase classname="ObjectsTest" name="testDeepEquals7" time="0"/>
  <testcase classname="ObjectsTest" name="testDeepEquals8" time="0"/>
  <testcase classname="ObjectsTest" name="testDeepEquals9" time="0.001"/>
  <testcase classname="ObjectsTest" name="testDeepEquals10" time="0"/>
  <testcase classname="ObjectsTest" name="testDeepEquals11" time="0"/>
  <testcase classname="ObjectsTest" name="testHashCode0" time="0"/>
  <testcase classname="ObjectsTest" name="testHashCode1" time="0.001"/>
  <testcase classname="ObjectsTest" name="testHash0" time="0"/>
  <testcase classname="ObjectsTest" name="testToString0_0" time="0"/>
  <testcase classname="ObjectsTest" name="testToString0_1" time="0"/>
  <testcase classname="ObjectsTest" name="testToString0_2" time="0"/>
  <testcase classname="ObjectsTest" name="testToString1_0" time="0"/>
  <testcase classname="ObjectsTest" name="testToString1_1" time="0"/>
  <testcase classname="ObjectsTest" name="testToString1_2" time="0"/>
  <testcase classname="ObjectsTest" name="testCompare0" time="0.001"/>
  <testcase classname="ObjectsTest" name="testCompare1" time="0"/>
  <testcase classname="ObjectsTest" name="testCompare2" time="0"/>
  <testcase classname="ObjectsTest" name="testCompare3" time="0"/>
  <testcase classname="ObjectsTest" name="testRequireNonNull0_0" time="0"/>
  <testcase classname="ObjectsTest" name="testRequireNonNull0_1" time="0"/>
  <testcase classname="ObjectsTest" name="testRequireNonNull1_0" time="0"/>
  <testcase classname="ObjectsTest" name="testRequireNonNull1_1" time="0"/>
</testsuite>